#
# A fatal error has been detected by the Java Runtime Environment:
#
#  Internal Error (method.cpp:1584), pid=17222, tid=0x0000000000006703
#  fatal error: no original bytecode found in com.bitgo.eos.service.XtzService.getAccountBalance()Lcom/bitgo/eos/response/XtzResponse; at bci 60
#
# JRE version: Java(TM) SE Runtime Environment (8.0_301-b09) (build 1.8.0_301-b09)
# Java VM: Java HotSpot(TM) 64-Bit Server VM (25.301-b09 mixed mode bsd-amd64 compressed oops)
# Failed to write core dump. Core dumps have been disabled. To enable core dumping, try "ulimit -c unlimited" before starting Java again
#
# If you would like to submit a bug report, please visit:
#   http://bugreport.java.com/bugreport/crash.jsp
#

---------------  T H R E A D  ---------------

Current thread (0x00007faf3d991000):  JavaThread "http-nio-8080-exec-2" daemon [_thread_in_vm, id=26371, stack(0x000070000301d000,0x000070000311d000)]

Stack: [0x000070000301d000,0x000070000311d000],  sp=0x000070000311a510,  free space=1013k
Native frames: (J=compiled Java code, j=interpreted, Vv=VM code, C=native code)
V  [libjvm.dylib+0x59b49f]  VMError::report_and_die()+0x421
V  [libjvm.dylib+0x1d377f]  report_vm_error(char const*, int, char const*, char const*)+0x55
V  [libjvm.dylib+0x453fba]  Method::orig_bytecode_at(int) const+0xe4
V  [libjvm.dylib+0x2cf211]  InterpreterRuntime::get_original_bytecode_at(JavaThread*, Method*, unsigned char*)+0x3d
j  com.bitgo.eos.service.XtzService.getAccountBalance()Lcom/bitgo/eos/response/XtzResponse;+60
j  com.bitgo.eos.controller.XtzController.getAccountDetail()Lcom/bitgo/eos/response/XtzResponse;+4
v  ~StubRoutines::call_stub
V  [libjvm.dylib+0x2d63b3]  JavaCalls::call_helper(JavaValue*, methodHandle*, JavaCallArguments*, Thread*)+0x689
V  [libjvm.dylib+0x4d7a64]  Reflection::invoke(instanceKlassHandle, methodHandle, Handle, bool, objArrayHandle, BasicType, objArrayHandle, bool, Thread*)+0x758
V  [libjvm.dylib+0x4d85fc]  Reflection::invoke_method(oopDesc*, Handle, objArrayHandle, Thread*)+0x17c
V  [libjvm.dylib+0x346da4]  JVM_InvokeMethod+0x20f
J 1943  sun.reflect.NativeMethodAccessorImpl.invoke0(Ljava/lang/reflect/Method;Ljava/lang/Object;[Ljava/lang/Object;)Ljava/lang/Object; (0 bytes) @ 0x0000000117c2b6ed [0x0000000117c2b600+0xed]
J 1942 C1 sun.reflect.NativeMethodAccessorImpl.invoke(Ljava/lang/Object;[Ljava/lang/Object;)Ljava/lang/Object; (104 bytes) @ 0x0000000117c2c18c [0x0000000117c2bda0+0x3ec]
J 1836 C1 sun.reflect.DelegatingMethodAccessorImpl.invoke(Ljava/lang/Object;[Ljava/lang/Object;)Ljava/lang/Object; (10 bytes) @ 0x0000000117c02264 [0x0000000117c02200+0x64]
J 1835 C1 java.lang.reflect.Method.invoke(Ljava/lang/Object;[Ljava/lang/Object;)Ljava/lang/Object; (62 bytes) @ 0x0000000117c01e1c [0x0000000117c01ce0+0x13c]
j  org.springframework.web.method.support.InvocableHandlerMethod.doInvoke([Ljava/lang/Object;)Ljava/lang/Object;+32
j  org.springframework.web.method.support.InvocableHandlerMethod.invokeForRequest(Lorg/springframework/web/context/request/NativeWebRequest;Lorg/springframework/web/method/support/ModelAndViewContainer;[Ljava/lang/Object;)Ljava/lang/Object;+54
j  org.springframework.web.servlet.mvc.method.annotation.ServletInvocableHandlerMethod.invokeAndHandle(Lorg/springframework/web/context/request/ServletWebRequest;Lorg/springframework/web/method/support/ModelAndViewContainer;[Ljava/lang/Object;)V+4
j  org.springframework.web.servlet.mvc.method.annotation.RequestMappingHandlerAdapter.invokeHandlerMethod(Ljavax/servlet/http/HttpServletRequest;Ljavax/servlet/http/HttpServletResponse;Lorg/springframework/web/method/HandlerMethod;)Lorg/springframework/web/servlet/ModelAndView;+244
j  org.springframework.web.servlet.mvc.method.annotation.RequestMappingHandlerAdapter.handleInternal(Ljavax/servlet/http/HttpServletRequest;Ljavax/servlet/http/HttpServletResponse;Lorg/springframework/web/method/HandlerMethod;)Lorg/springframework/web/servlet/ModelAndView;+81
j  org.springframework.web.servlet.mvc.method.AbstractHandlerMethodAdapter.handle(Ljavax/servlet/http/HttpServletRequest;Ljavax/servlet/http/HttpServletResponse;Ljava/lang/Object;)Lorg/springframework/web/servlet/ModelAndView;+7
j  org.springframework.web.servlet.DispatcherServlet.doDispatch(Ljavax/servlet/http/HttpServletRequest;Ljavax/servlet/http/HttpServletResponse;)V+259
j  org.springframework.web.servlet.DispatcherServlet.doService(Ljavax/servlet/http/HttpServletRequest;Ljavax/servlet/http/HttpServletResponse;)V+241
j  org.springframework.web.servlet.FrameworkServlet.processRequest(Ljavax/servlet/http/HttpServletRequest;Ljavax/servlet/http/HttpServletResponse;)V+71
j  org.springframework.web.servlet.FrameworkServlet.doGet(Ljavax/servlet/http/HttpServletRequest;Ljavax/servlet/http/HttpServletResponse;)V+3
j  javax.servlet.http.HttpServlet.service(Ljavax/servlet/http/HttpServletRequest;Ljavax/servlet/http/HttpServletResponse;)V+35
j  org.springframework.web.servlet.FrameworkServlet.service(Ljavax/servlet/http/HttpServletRequest;Ljavax/servlet/http/HttpServletResponse;)V+33
j  javax.servlet.http.HttpServlet.service(Ljavax/servlet/ServletRequest;Ljavax/servlet/ServletResponse;)V+36
j  org.apache.catalina.core.ApplicationFilterChain.internalDoFilter(Ljavax/servlet/ServletRequest;Ljavax/servlet/ServletResponse;)V+304
j  org.apache.catalina.core.ApplicationFilterChain.doFilter(Ljavax/servlet/ServletRequest;Ljavax/servlet/ServletResponse;)V+99
j  org.apache.tomcat.websocket.server.WsFilter.doFilter(Ljavax/servlet/ServletRequest;Ljavax/servlet/ServletResponse;Ljavax/servlet/FilterChain;)V+21
j  org.apache.catalina.core.ApplicationFilterChain.internalDoFilter(Ljavax/servlet/ServletRequest;Ljavax/servlet/ServletResponse;)V+135
j  org.apache.catalina.core.ApplicationFilterChain.doFilter(Ljavax/servlet/ServletRequest;Ljavax/servlet/ServletResponse;)V+99
j  org.springframework.web.filter.RequestContextFilter.doFilterInternal(Ljavax/servlet/http/HttpServletRequest;Ljavax/servlet/http/HttpServletResponse;Ljavax/servlet/FilterChain;)V+21
j  org.springframework.web.filter.OncePerRequestFilter.doFilter(Ljavax/servlet/ServletRequest;Ljavax/servlet/ServletResponse;Ljavax/servlet/FilterChain;)V+147
j  org.apache.catalina.core.ApplicationFilterChain.internalDoFilter(Ljavax/servlet/ServletRequest;Ljavax/servlet/ServletResponse;)V+135
j  org.apache.catalina.core.ApplicationFilterChain.doFilter(Ljavax/servlet/ServletRequest;Ljavax/servlet/ServletResponse;)V+99
j  org.springframework.web.filter.FormContentFilter.doFilterInternal(Ljavax/servlet/http/HttpServletRequest;Ljavax/servlet/http/HttpServletResponse;Ljavax/servlet/FilterChain;)V+38
j  org.springframework.web.filter.OncePerRequestFilter.doFilter(Ljavax/servlet/ServletRequest;Ljavax/servlet/ServletResponse;Ljavax/servlet/FilterChain;)V+147
j  org.apache.catalina.core.ApplicationFilterChain.internalDoFilter(Ljavax/servlet/ServletRequest;Ljavax/servlet/ServletResponse;)V+135
j  org.apache.catalina.core.ApplicationFilterChain.doFilter(Ljavax/servlet/ServletRequest;Ljavax/servlet/ServletResponse;)V+99
j  org.springframework.web.filter.CharacterEncodingFilter.doFilterInternal(Ljavax/servlet/http/HttpServletRequest;Ljavax/servlet/http/HttpServletResponse;Ljavax/servlet/FilterChain;)V+53
j  org.springframework.web.filter.OncePerRequestFilter.doFilter(Ljavax/servlet/ServletRequest;Ljavax/servlet/ServletResponse;Ljavax/servlet/FilterChain;)V+147
j  org.apache.catalina.core.ApplicationFilterChain.internalDoFilter(Ljavax/servlet/ServletRequest;Ljavax/servlet/ServletResponse;)V+135
j  org.apache.catalina.core.ApplicationFilterChain.doFilter(Ljavax/servlet/ServletRequest;Ljavax/servlet/ServletResponse;)V+99
j  org.apache.catalina.core.StandardWrapperValve.invoke(Lorg/apache/catalina/connector/Request;Lorg/apache/catalina/connector/Response;)V+694
j  org.apache.catalina.core.StandardContextValve.invoke(Lorg/apache/catalina/connector/Request;Lorg/apache/catalina/connector/Response;)V+169
j  org.apache.catalina.authenticator.AuthenticatorBase.invoke(Lorg/apache/catalina/connector/Request;Lorg/apache/catalina/connector/Response;)V+260
j  org.apache.catalina.core.StandardHostValve.invoke(Lorg/apache/catalina/connector/Request;Lorg/apache/catalina/connector/Response;)V+128
j  org.apache.catalina.valves.ErrorReportValve.invoke(Lorg/apache/catalina/connector/Request;Lorg/apache/catalina/connector/Response;)V+6
j  org.apache.catalina.core.StandardEngineValve.invoke(Lorg/apache/catalina/connector/Request;Lorg/apache/catalina/connector/Response;)V+59
j  org.apache.catalina.connector.CoyoteAdapter.service(Lorg/apache/coyote/Request;Lorg/apache/coyote/Response;)V+199
j  org.apache.coyote.http11.Http11Processor.service(Lorg/apache/tomcat/util/net/SocketWrapperBase;)Lorg/apache/tomcat/util/net/AbstractEndpoint$Handler$SocketState;+737
j  org.apache.coyote.AbstractProcessorLight.process(Lorg/apache/tomcat/util/net/SocketWrapperBase;Lorg/apache/tomcat/util/net/SocketEvent;)Lorg/apache/tomcat/util/net/AbstractEndpoint$Handler$SocketState;+170
j  org.apache.coyote.AbstractProtocol$ConnectionHandler.process(Lorg/apache/tomcat/util/net/SocketWrapperBase;Lorg/apache/tomcat/util/net/SocketEvent;)Lorg/apache/tomcat/util/net/AbstractEndpoint$Handler$SocketState;+505
j  org.apache.tomcat.util.net.NioEndpoint$SocketProcessor.doRun()V+216
j  org.apache.tomcat.util.net.SocketProcessorBase.run()V+21
j  java.util.concurrent.ThreadPoolExecutor.runWorker(Ljava/util/concurrent/ThreadPoolExecutor$Worker;)V+95
j  java.util.concurrent.ThreadPoolExecutor$Worker.run()V+5
j  org.apache.tomcat.util.threads.TaskThread$WrappingRunnable.run()V+4
j  java.lang.Thread.run()V+11
v  ~StubRoutines::call_stub
V  [libjvm.dylib+0x2d63b3]  JavaCalls::call_helper(JavaValue*, methodHandle*, JavaCallArguments*, Thread*)+0x689
V  [libjvm.dylib+0x2d5216]  JavaCalls::call_virtual(JavaValue*, KlassHandle, Symbol*, Symbol*, JavaCallArguments*, Thread*)+0x14a
V  [libjvm.dylib+0x2d53f7]  JavaCalls::call_virtual(JavaValue*, Handle, KlassHandle, Symbol*, Symbol*, Thread*)+0x57
V  [libjvm.dylib+0x3426e9]  thread_entry(JavaThread*, Thread*)+0x78
V  [libjvm.dylib+0x56057a]  JavaThread::thread_main_inner()+0x82
V  [libjvm.dylib+0x56043f]  JavaThread::run()+0x19d
V  [libjvm.dylib+0x48d62b]  java_start(Thread*)+0xfa
C  [libsystem_pthread.dylib+0x68fc]  _pthread_start+0xe0
C  [libsystem_pthread.dylib+0x2443]  thread_start+0xf
C  0x0000000000000000

Java frames: (J=compiled Java code, j=interpreted, Vv=VM code)
j  com.bitgo.eos.service.XtzService.getAccountBalance()Lcom/bitgo/eos/response/XtzResponse;+60
j  com.bitgo.eos.controller.XtzController.getAccountDetail()Lcom/bitgo/eos/response/XtzResponse;+4
v  ~StubRoutines::call_stub
J 1943  sun.reflect.NativeMethodAccessorImpl.invoke0(Ljava/lang/reflect/Method;Ljava/lang/Object;[Ljava/lang/Object;)Ljava/lang/Object; (0 bytes) @ 0x0000000117c2b677 [0x0000000117c2b600+0x77]
J 1942 C1 sun.reflect.NativeMethodAccessorImpl.invoke(Ljava/lang/Object;[Ljava/lang/Object;)Ljava/lang/Object; (104 bytes) @ 0x0000000117c2c18c [0x0000000117c2bda0+0x3ec]
J 1836 C1 sun.reflect.DelegatingMethodAccessorImpl.invoke(Ljava/lang/Object;[Ljava/lang/Object;)Ljava/lang/Object; (10 bytes) @ 0x0000000117c02264 [0x0000000117c02200+0x64]
J 1835 C1 java.lang.reflect.Method.invoke(Ljava/lang/Object;[Ljava/lang/Object;)Ljava/lang/Object; (62 bytes) @ 0x0000000117c01e1c [0x0000000117c01ce0+0x13c]
j  org.springframework.web.method.support.InvocableHandlerMethod.doInvoke([Ljava/lang/Object;)Ljava/lang/Object;+32
j  org.springframework.web.method.support.InvocableHandlerMethod.invokeForRequest(Lorg/springframework/web/context/request/NativeWebRequest;Lorg/springframework/web/method/support/ModelAndViewContainer;[Ljava/lang/Object;)Ljava/lang/Object;+54
j  org.springframework.web.servlet.mvc.method.annotation.ServletInvocableHandlerMethod.invokeAndHandle(Lorg/springframework/web/context/request/ServletWebRequest;Lorg/springframework/web/method/support/ModelAndViewContainer;[Ljava/lang/Object;)V+4
j  org.springframework.web.servlet.mvc.method.annotation.RequestMappingHandlerAdapter.invokeHandlerMethod(Ljavax/servlet/http/HttpServletRequest;Ljavax/servlet/http/HttpServletResponse;Lorg/springframework/web/method/HandlerMethod;)Lorg/springframework/web/servlet/ModelAndView;+244
j  org.springframework.web.servlet.mvc.method.annotation.RequestMappingHandlerAdapter.handleInternal(Ljavax/servlet/http/HttpServletRequest;Ljavax/servlet/http/HttpServletResponse;Lorg/springframework/web/method/HandlerMethod;)Lorg/springframework/web/servlet/ModelAndView;+81
j  org.springframework.web.servlet.mvc.method.AbstractHandlerMethodAdapter.handle(Ljavax/servlet/http/HttpServletRequest;Ljavax/servlet/http/HttpServletResponse;Ljava/lang/Object;)Lorg/springframework/web/servlet/ModelAndView;+7
j  org.springframework.web.servlet.DispatcherServlet.doDispatch(Ljavax/servlet/http/HttpServletRequest;Ljavax/servlet/http/HttpServletResponse;)V+259
j  org.springframework.web.servlet.DispatcherServlet.doService(Ljavax/servlet/http/HttpServletRequest;Ljavax/servlet/http/HttpServletResponse;)V+241
j  org.springframework.web.servlet.FrameworkServlet.processRequest(Ljavax/servlet/http/HttpServletRequest;Ljavax/servlet/http/HttpServletResponse;)V+71
j  org.springframework.web.servlet.FrameworkServlet.doGet(Ljavax/servlet/http/HttpServletRequest;Ljavax/servlet/http/HttpServletResponse;)V+3
j  javax.servlet.http.HttpServlet.service(Ljavax/servlet/http/HttpServletRequest;Ljavax/servlet/http/HttpServletResponse;)V+35
j  org.springframework.web.servlet.FrameworkServlet.service(Ljavax/servlet/http/HttpServletRequest;Ljavax/servlet/http/HttpServletResponse;)V+33
j  javax.servlet.http.HttpServlet.service(Ljavax/servlet/ServletRequest;Ljavax/servlet/ServletResponse;)V+36
j  org.apache.catalina.core.ApplicationFilterChain.internalDoFilter(Ljavax/servlet/ServletRequest;Ljavax/servlet/ServletResponse;)V+304
j  org.apache.catalina.core.ApplicationFilterChain.doFilter(Ljavax/servlet/ServletRequest;Ljavax/servlet/ServletResponse;)V+99
j  org.apache.tomcat.websocket.server.WsFilter.doFilter(Ljavax/servlet/ServletRequest;Ljavax/servlet/ServletResponse;Ljavax/servlet/FilterChain;)V+21
j  org.apache.catalina.core.ApplicationFilterChain.internalDoFilter(Ljavax/servlet/ServletRequest;Ljavax/servlet/ServletResponse;)V+135
j  org.apache.catalina.core.ApplicationFilterChain.doFilter(Ljavax/servlet/ServletRequest;Ljavax/servlet/ServletResponse;)V+99
j  org.springframework.web.filter.RequestContextFilter.doFilterInternal(Ljavax/servlet/http/HttpServletRequest;Ljavax/servlet/http/HttpServletResponse;Ljavax/servlet/FilterChain;)V+21
j  org.springframework.web.filter.OncePerRequestFilter.doFilter(Ljavax/servlet/ServletRequest;Ljavax/servlet/ServletResponse;Ljavax/servlet/FilterChain;)V+147
j  org.apache.catalina.core.ApplicationFilterChain.internalDoFilter(Ljavax/servlet/ServletRequest;Ljavax/servlet/ServletResponse;)V+135
j  org.apache.catalina.core.ApplicationFilterChain.doFilter(Ljavax/servlet/ServletRequest;Ljavax/servlet/ServletResponse;)V+99
j  org.springframework.web.filter.FormContentFilter.doFilterInternal(Ljavax/servlet/http/HttpServletRequest;Ljavax/servlet/http/HttpServletResponse;Ljavax/servlet/FilterChain;)V+38
j  org.springframework.web.filter.OncePerRequestFilter.doFilter(Ljavax/servlet/ServletRequest;Ljavax/servlet/ServletResponse;Ljavax/servlet/FilterChain;)V+147
j  org.apache.catalina.core.ApplicationFilterChain.internalDoFilter(Ljavax/servlet/ServletRequest;Ljavax/servlet/ServletResponse;)V+135
j  org.apache.catalina.core.ApplicationFilterChain.doFilter(Ljavax/servlet/ServletRequest;Ljavax/servlet/ServletResponse;)V+99
j  org.springframework.web.filter.CharacterEncodingFilter.doFilterInternal(Ljavax/servlet/http/HttpServletRequest;Ljavax/servlet/http/HttpServletResponse;Ljavax/servlet/FilterChain;)V+53
j  org.springframework.web.filter.OncePerRequestFilter.doFilter(Ljavax/servlet/ServletRequest;Ljavax/servlet/ServletResponse;Ljavax/servlet/FilterChain;)V+147
j  org.apache.catalina.core.ApplicationFilterChain.internalDoFilter(Ljavax/servlet/ServletRequest;Ljavax/servlet/ServletResponse;)V+135
j  org.apache.catalina.core.ApplicationFilterChain.doFilter(Ljavax/servlet/ServletRequest;Ljavax/servlet/ServletResponse;)V+99
j  org.apache.catalina.core.StandardWrapperValve.invoke(Lorg/apache/catalina/connector/Request;Lorg/apache/catalina/connector/Response;)V+694
j  org.apache.catalina.core.StandardContextValve.invoke(Lorg/apache/catalina/connector/Request;Lorg/apache/catalina/connector/Response;)V+169
j  org.apache.catalina.authenticator.AuthenticatorBase.invoke(Lorg/apache/catalina/connector/Request;Lorg/apache/catalina/connector/Response;)V+260
j  org.apache.catalina.core.StandardHostValve.invoke(Lorg/apache/catalina/connector/Request;Lorg/apache/catalina/connector/Response;)V+128
j  org.apache.catalina.valves.ErrorReportValve.invoke(Lorg/apache/catalina/connector/Request;Lorg/apache/catalina/connector/Response;)V+6
j  org.apache.catalina.core.StandardEngineValve.invoke(Lorg/apache/catalina/connector/Request;Lorg/apache/catalina/connector/Response;)V+59
j  org.apache.catalina.connector.CoyoteAdapter.service(Lorg/apache/coyote/Request;Lorg/apache/coyote/Response;)V+199
j  org.apache.coyote.http11.Http11Processor.service(Lorg/apache/tomcat/util/net/SocketWrapperBase;)Lorg/apache/tomcat/util/net/AbstractEndpoint$Handler$SocketState;+737
j  org.apache.coyote.AbstractProcessorLight.process(Lorg/apache/tomcat/util/net/SocketWrapperBase;Lorg/apache/tomcat/util/net/SocketEvent;)Lorg/apache/tomcat/util/net/AbstractEndpoint$Handler$SocketState;+170
j  org.apache.coyote.AbstractProtocol$ConnectionHandler.process(Lorg/apache/tomcat/util/net/SocketWrapperBase;Lorg/apache/tomcat/util/net/SocketEvent;)Lorg/apache/tomcat/util/net/AbstractEndpoint$Handler$SocketState;+505
j  org.apache.tomcat.util.net.NioEndpoint$SocketProcessor.doRun()V+216
j  org.apache.tomcat.util.net.SocketProcessorBase.run()V+21
j  java.util.concurrent.ThreadPoolExecutor.runWorker(Ljava/util/concurrent/ThreadPoolExecutor$Worker;)V+95
j  java.util.concurrent.ThreadPoolExecutor$Worker.run()V+5
j  org.apache.tomcat.util.threads.TaskThread$WrappingRunnable.run()V+4
j  java.lang.Thread.run()V+11
v  ~StubRoutines::call_stub

---------------  P R O C E S S  ---------------

Java Threads: ( => current thread )
  0x00007faf0b967800 JavaThread "RMI TCP Connection(3)-192.168.0.101" daemon [_thread_blocked, id=37123, stack(0x0000700003d44000,0x0000700003e44000)]
  0x00007faf2c080000 JavaThread "RMI TCP Connection(2)-192.168.0.101" daemon [_thread_blocked, id=37895, stack(0x0000700003b3e000,0x0000700003c3e000)]
  0x00007faf3b825800 JavaThread "DestroyJavaVM" [_thread_blocked, id=3587, stack(0x0000700000eb7000,0x0000700000fb7000)]
  0x00007faf3b83b000 JavaThread "http-nio-8080-Acceptor" daemon [_thread_in_native, id=38147, stack(0x0000700003a3b000,0x0000700003b3b000)]
  0x00007faf3d995000 JavaThread "http-nio-8080-Poller" daemon [_thread_in_native, id=38659, stack(0x0000700003938000,0x0000700003a38000)]
  0x00007faf2b9d9000 JavaThread "http-nio-8080-exec-10" daemon [_thread_blocked, id=39171, stack(0x0000700003835000,0x0000700003935000)]
  0x00007faf2c07f000 JavaThread "http-nio-8080-exec-9" daemon [_thread_blocked, id=27907, stack(0x0000700003732000,0x0000700003832000)]
  0x00007faf2c074800 JavaThread "http-nio-8080-exec-8" daemon [_thread_blocked, id=39683, stack(0x000070000362f000,0x000070000372f000)]
  0x00007faf0b94b800 JavaThread "http-nio-8080-exec-7" daemon [_thread_blocked, id=40195, stack(0x000070000352c000,0x000070000362c000)]
  0x00007faf3d992000 JavaThread "http-nio-8080-exec-6" daemon [_thread_blocked, id=27651, stack(0x0000700003429000,0x0000700003529000)]
  0x00007faf2b9d8000 JavaThread "http-nio-8080-exec-5" daemon [_thread_blocked, id=40707, stack(0x0000700003326000,0x0000700003426000)]
  0x00007faf2b9d7800 JavaThread "http-nio-8080-exec-4" daemon [_thread_blocked, id=26883, stack(0x0000700003223000,0x0000700003323000)]
  0x00007faf2b9c2800 JavaThread "http-nio-8080-exec-3" daemon [_thread_blocked, id=40963, stack(0x0000700003120000,0x0000700003220000)]
=>0x00007faf3d991000 JavaThread "http-nio-8080-exec-2" daemon [_thread_in_vm, id=26371, stack(0x000070000301d000,0x000070000311d000)]
  0x00007faf2b9c7000 JavaThread "http-nio-8080-exec-1" daemon [_thread_blocked, id=26123, stack(0x0000700002f1a000,0x000070000301a000)]
  0x00007faf0b930800 JavaThread "container-0" [_thread_blocked, id=25603, stack(0x0000700002e17000,0x0000700002f17000)]
  0x00007faf2c06d800 JavaThread "Catalina-utility-2" [_thread_blocked, id=25091, stack(0x0000700002d14000,0x0000700002e14000)]
  0x00007faf2c05b800 JavaThread "Catalina-utility-1" [_thread_blocked, id=41739, stack(0x0000700002c11000,0x0000700002d11000)]
  0x00007faf2b835000 JavaThread "RMI Scheduler(0)" daemon [_thread_blocked, id=24323, stack(0x0000700002b0e000,0x0000700002c0e000)]
  0x00007faf3d942800 JavaThread "RMI TCP Connection(1)-192.168.0.101" daemon [_thread_blocked, id=41987, stack(0x0000700002a0b000,0x0000700002b0b000)]
  0x00007faf2b8a5000 JavaThread "Attach Listener" daemon [_thread_blocked, id=23819, stack(0x0000700002908000,0x0000700002a08000)]
  0x00007faf2b83c800 JavaThread "RMI TCP Accept-0" daemon [_thread_in_native, id=42755, stack(0x0000700002702000,0x0000700002802000)]
  0x00007faf3d90a800 JavaThread "Service Thread" daemon [_thread_blocked, id=43011, stack(0x00007000025ff000,0x00007000026ff000)]
  0x00007faf2c810000 JavaThread "C1 CompilerThread3" daemon [_thread_blocked, id=22787, stack(0x00007000024fc000,0x00007000025fc000)]
  0x00007faf3c89d000 JavaThread "C2 CompilerThread2" daemon [_thread_blocked, id=22275, stack(0x00007000023f9000,0x00007000024f9000)]
  0x00007faf2c0d4800 JavaThread "C2 CompilerThread1" daemon [_thread_blocked, id=21763, stack(0x00007000022f6000,0x00007000023f6000)]
  0x00007faf3b813000 JavaThread "C2 CompilerThread0" daemon [_thread_blocked, id=16643, stack(0x00007000021f3000,0x00007000022f3000)]
  0x00007faf2c02d000 JavaThread "JDWP Event Helper Thread" daemon [_thread_blocked, id=16131, stack(0x0000700001fed000,0x00007000020ed000)]
  0x00007faf2c026000 JavaThread "JDWP Transport Listener: dt_socket" daemon [_thread_blocked, id=15879, stack(0x0000700001eea000,0x0000700001fea000)]
  0x00007faf2b814000 JavaThread "Signal Dispatcher" daemon [_thread_blocked, id=17923, stack(0x0000700001de7000,0x0000700001ee7000)]
  0x00007faf2c024800 JavaThread "Finalizer" daemon [_thread_blocked, id=19715, stack(0x0000700001bde000,0x0000700001cde000)]
  0x00007faf2b812000 JavaThread "Reference Handler" daemon [_thread_blocked, id=13059, stack(0x0000700001adb000,0x0000700001bdb000)]

Other Threads:
  0x00007faf2b80d000 VMThread [stack: 0x00007000019d8000,0x0000700001ad8000] [id=12547]
  0x00007faf3c98b000 WatcherThread [stack: 0x0000700002805000,0x0000700002905000] [id=42499]

VM state:synchronizing (normal execution)

VM Mutex/Monitor currently owned by a thread:  ([mutex/lock_event])
[0x00007faf3d305b50] Threads_lock - owner thread: 0x00007faf2b80d000

heap address: 0x00000005c0000000, size: 8192 MB, Compressed Oops mode: Zero based, Oop shift amount: 3
Narrow klass base: 0x0000000000000000, Narrow klass shift: 3
Compressed class space size: 1073741824 Address: 0x00000007c0000000

Heap:
 PSYoungGen      total 202752K, used 21968K [0x0000000715580000, 0x0000000723800000, 0x00000007c0000000)
  eden space 188928K, 5% used [0x0000000715580000,0x0000000715f04080,0x0000000720e00000)
  from space 13824K, 88% used [0x0000000722a80000,0x000000072366ffa8,0x0000000723800000)
  to   space 21504K, 0% used [0x0000000720e00000,0x0000000720e00000,0x0000000722300000)
 ParOldGen       total 198656K, used 7484K [0x00000005c0000000, 0x00000005cc200000, 0x0000000715580000)
  object space 198656K, 3% used [0x00000005c0000000,0x00000005c074f2d0,0x00000005cc200000)
 Metaspace       used 32602K, capacity 35162K, committed 35456K, reserved 1079296K
  class space    used 4408K, capacity 4888K, committed 4992K, reserved 1048576K

Card table byte_map: [0x000000010f133000,0x0000000110134000] byte_map_base: 0x000000010c333000

Marking Bits: (ParMarkBitMap*) 0x000000010e581298
 Begin Bits: [0x0000000126800000, 0x000000012e800000)
 End Bits:   [0x000000012e800000, 0x0000000136800000)

Polling page: 0x000000010eca7000

CodeCache: size=245760Kb used=7024Kb max_used=7024Kb free=238735Kb
 bounds [0x0000000117800000, 0x0000000117ee0000, 0x0000000126800000]
 total_blobs=3712 nmethods=3300 adapters=333
 compilation: enabled

Compilation events (10 events):
Event: 6.640 Thread 0x00007faf2c810000 3296       1       java.io.OutputStream::flush (1 bytes)
Event: 6.640 Thread 0x00007faf2c810000 nmethod 3296 0x0000000117ed2710 code [0x0000000117ed2860, 0x0000000117ed2970]
Event: 6.640 Thread 0x00007faf2c810000 3297       1       org.springframework.core.OrderComparator::getOrder (111 bytes)
Event: 6.641 Thread 0x00007faf2c810000 nmethod 3297 0x0000000117ed29d0 code [0x0000000117ed2b80, 0x0000000117ed2ed8]
Event: 6.659 Thread 0x00007faf2c810000 3299  s!   1       sun.misc.URLClassPath::getLoader (243 bytes)
Event: 6.660 Thread 0x00007faf2c810000 nmethod 3299 0x0000000117ed3310 code [0x0000000117ed35e0, 0x0000000117ed4ae8]
Event: 12.925 Thread 0x00007faf2c810000 3300       1       java.nio.Buffer::hasRemaining (17 bytes)
Event: 12.925 Thread 0x00007faf2c810000 nmethod 3300 0x0000000117ed5c50 code [0x0000000117ed5da0, 0x0000000117ed5ed0]
Event: 46.133 Thread 0x00007faf2c810000 3301       1       sun.nio.cs.UTF_8$Decoder::decodeArrayLoop (691 bytes)
Event: 46.137 Thread 0x00007faf2c810000 nmethod 3301 0x0000000117ed5f50 code [0x0000000117ed65c0, 0x0000000117ed81e8]

GC Heap History (10 events):
Event: 1.103 GC heap before
{Heap before GC invocations=1 (full 0):
 PSYoungGen      total 153088K, used 131584K [0x0000000715580000, 0x0000000720000000, 0x00000007c0000000)
  eden space 131584K, 100% used [0x0000000715580000,0x000000071d600000,0x000000071d600000)
  from space 21504K, 0% used [0x000000071eb00000,0x000000071eb00000,0x0000000720000000)
  to   space 21504K, 0% used [0x000000071d600000,0x000000071d600000,0x000000071eb00000)
 ParOldGen       total 349696K, used 0K [0x00000005c0000000, 0x00000005d5580000, 0x0000000715580000)
  object space 349696K, 0% used [0x00000005c0000000,0x00000005c0000000,0x00000005d5580000)
 Metaspace       used 19002K, capacity 19832K, committed 19840K, reserved 1067008K
  class space    used 2460K, capacity 2682K, committed 2688K, reserved 1048576K
Event: 1.114 GC heap after
Heap after GC invocations=1 (full 0):
 PSYoungGen      total 153088K, used 13725K [0x0000000715580000, 0x0000000720000000, 0x00000007c0000000)
  eden space 131584K, 0% used [0x0000000715580000,0x0000000715580000,0x000000071d600000)
  from space 21504K, 63% used [0x000000071d600000,0x000000071e3674e8,0x000000071eb00000)
  to   space 21504K, 0% used [0x000000071eb00000,0x000000071eb00000,0x0000000720000000)
 ParOldGen       total 349696K, used 24K [0x00000005c0000000, 0x00000005d5580000, 0x0000000715580000)
  object space 349696K, 0% used [0x00000005c0000000,0x00000005c0006000,0x00000005d5580000)
 Metaspace       used 19002K, capacity 19832K, committed 19840K, reserved 1067008K
  class space    used 2460K, capacity 2682K, committed 2688K, reserved 1048576K
}
Event: 1.260 GC heap before
{Heap before GC invocations=2 (full 0):
 PSYoungGen      total 153088K, used 43577K [0x0000000715580000, 0x0000000720000000, 0x00000007c0000000)
  eden space 131584K, 22% used [0x0000000715580000,0x00000007172a6fe0,0x000000071d600000)
  from space 21504K, 63% used [0x000000071d600000,0x000000071e3674e8,0x000000071eb00000)
  to   space 21504K, 0% used [0x000000071eb00000,0x000000071eb00000,0x0000000720000000)
 ParOldGen       total 349696K, used 24K [0x00000005c0000000, 0x00000005d5580000, 0x0000000715580000)
  object space 349696K, 0% used [0x00000005c0000000,0x00000005c0006000,0x00000005d5580000)
 Metaspace       used 20295K, capacity 21222K, committed 21296K, reserved 1067008K
  class space    used 2654K, capacity 2893K, committed 2944K, reserved 1048576K
Event: 1.266 GC heap after
Heap after GC invocations=2 (full 0):
 PSYoungGen      total 153088K, used 7735K [0x0000000715580000, 0x0000000728080000, 0x00000007c0000000)
  eden space 131584K, 0% used [0x0000000715580000,0x0000000715580000,0x000000071d600000)
  from space 21504K, 35% used [0x000000071eb00000,0x000000071f28dc18,0x0000000720000000)
  to   space 21504K, 0% used [0x000000071d600000,0x000000071d600000,0x000000071eb00000)
 ParOldGen       total 349696K, used 32K [0x00000005c0000000, 0x00000005d5580000, 0x0000000715580000)
  object space 349696K, 0% used [0x00000005c0000000,0x00000005c0008000,0x00000005d5580000)
 Metaspace       used 20295K, capacity 21222K, committed 21296K, reserved 1067008K
  class space    used 2654K, capacity 2893K, committed 2944K, reserved 1048576K
}
Event: 1.266 GC heap before
{Heap before GC invocations=3 (full 1):
 PSYoungGen      total 153088K, used 7735K [0x0000000715580000, 0x0000000728080000, 0x00000007c0000000)
  eden space 131584K, 0% used [0x0000000715580000,0x0000000715580000,0x000000071d600000)
  from space 21504K, 35% used [0x000000071eb00000,0x000000071f28dc18,0x0000000720000000)
  to   space 21504K, 0% used [0x000000071d600000,0x000000071d600000,0x000000071eb00000)
 ParOldGen       total 349696K, used 32K [0x00000005c0000000, 0x00000005d5580000, 0x0000000715580000)
  object space 349696K, 0% used [0x00000005c0000000,0x00000005c0008000,0x00000005d5580000)
 Metaspace       used 20295K, capacity 21222K, committed 21296K, reserved 1067008K
  class space    used 2654K, capacity 2893K, committed 2944K, reserved 1048576K
Event: 1.288 GC heap after
Heap after GC invocations=3 (full 1):
 PSYoungGen      total 153088K, used 0K [0x0000000715580000, 0x0000000728080000, 0x00000007c0000000)
  eden space 131584K, 0% used [0x0000000715580000,0x0000000715580000,0x000000071d600000)
  from space 21504K, 0% used [0x000000071eb00000,0x000000071eb00000,0x0000000720000000)
  to   space 21504K, 0% used [0x000000071d600000,0x000000071d600000,0x000000071eb00000)
 ParOldGen       total 198656K, used 7468K [0x00000005c0000000, 0x00000005cc200000, 0x0000000715580000)
  object space 198656K, 3% used [0x00000005c0000000,0x00000005c074b2d0,0x00000005cc200000)
 Metaspace       used 20295K, capacity 21222K, committed 21296K, reserved 1067008K
  class space    used 2654K, capacity 2893K, committed 2944K, reserved 1048576K
}
Event: 2.156 GC heap before
{Heap before GC invocations=4 (full 1):
 PSYoungGen      total 153088K, used 131584K [0x0000000715580000, 0x0000000728080000, 0x00000007c0000000)
  eden space 131584K, 100% used [0x0000000715580000,0x000000071d600000,0x000000071d600000)
  from space 21504K, 0% used [0x000000071eb00000,0x000000071eb00000,0x0000000720000000)
  to   space 21504K, 0% used [0x000000071d600000,0x000000071d600000,0x000000071eb00000)
 ParOldGen       total 198656K, used 7468K [0x00000005c0000000, 0x00000005cc200000, 0x0000000715580000)
  object space 198656K, 3% used [0x00000005c0000000,0x00000005c074b2d0,0x00000005cc200000)
 Metaspace       used 27729K, capacity 29554K, committed 29696K, reserved 1075200K
  class space    used 3683K, capacity 4047K, committed 4096K, reserved 1048576K
Event: 2.163 GC heap after
Heap after GC invocations=4 (full 1):
 PSYoungGen      total 153088K, used 13052K [0x0000000715580000, 0x0000000723f80000, 0x00000007c0000000)
  eden space 131584K, 0% used [0x0000000715580000,0x0000000715580000,0x000000071d600000)
  from space 21504K, 60% used [0x000000071d600000,0x000000071e2bf0d0,0x000000071eb00000)
  to   space 21504K, 0% used [0x0000000722a80000,0x0000000722a80000,0x0000000723f80000)
 ParOldGen       total 198656K, used 7476K [0x00000005c0000000, 0x00000005cc200000, 0x0000000715580000)
  object space 198656K, 3% used [0x00000005c0000000,0x00000005c074d2d0,0x00000005cc200000)
 Metaspace       used 27729K, capacity 29554K, committed 29696K, reserved 1075200K
  class space    used 3683K, capacity 4047K, committed 4096K, reserved 1048576K
}
Event: 6.603 GC heap before
{Heap before GC invocations=5 (full 1):
 PSYoungGen      total 153088K, used 144636K [0x0000000715580000, 0x0000000723f80000, 0x00000007c0000000)
  eden space 131584K, 100% used [0x0000000715580000,0x000000071d600000,0x000000071d600000)
  from space 21504K, 60% used [0x000000071d600000,0x000000071e2bf0d0,0x000000071eb00000)
  to   space 21504K, 0% used [0x0000000722a80000,0x0000000722a80000,0x0000000723f80000)
 ParOldGen       total 198656K, used 7476K [0x00000005c0000000, 0x00000005cc200000, 0x0000000715580000)
  object space 198656K, 3% used [0x00000005c0000000,0x00000005c074d2d0,0x00000005cc200000)
 Metaspace       used 32035K, capacity 34592K, committed 34816K, reserved 1079296K
  class space    used 4341K, capacity 4813K, committed 4864K, reserved 1048576K
Event: 6.614 GC heap after
Heap after GC invocations=5 (full 1):
 PSYoungGen      total 202752K, used 12223K [0x0000000715580000, 0x0000000723800000, 0x00000007c0000000)
  eden space 188928K, 0% used [0x0000000715580000,0x0000000715580000,0x0000000720e00000)
  from space 13824K, 88% used [0x0000000722a80000,0x000000072366ffa8,0x0000000723800000)
  to   space 21504K, 0% used [0x0000000720e00000,0x0000000720e00000,0x0000000722300000)
 ParOldGen       total 198656K, used 7484K [0x00000005c0000000, 0x00000005cc200000, 0x0000000715580000)
  object space 198656K, 3% used [0x00000005c0000000,0x00000005c074f2d0,0x00000005cc200000)
 Metaspace       used 32035K, capacity 34592K, committed 34816K, reserved 1079296K
  class space    used 4341K, capacity 4813K, committed 4864K, reserved 1048576K
}

Deoptimization events (0 events):
No events

Classes redefined (0 events):
No events

Internal exceptions (10 events):
Event: 2.806 Thread 0x00007faf3c80b800 Exception <a 'java/lang/ClassNotFoundException': org/springframework/boot/autoconfigure/web/embedded/EmbeddedWebServerFactoryCustomizerAutoConfigurationCustomizer> (0x000000071c433340) thrown at [/System/Volumes/Data/jenkins/workspace/8-2-build-macosx-x86
Event: 2.807 Thread 0x00007faf3c80b800 Exception <a 'java/lang/ClassNotFoundException': java/lang/ObjectCustomizer> (0x000000071c451f10) thrown at [/System/Volumes/Data/jenkins/workspace/8-2-build-macosx-x86_64/jdk8u301/1513/hotspot/src/share/vm/classfile/systemDictionary.cpp, line 212]
Event: 2.807 Thread 0x00007faf3c80b800 Exception <a 'java/lang/ClassNotFoundException': org/springframework/web/multipart/support/StandardServletMultipartResolverCustomizer> (0x000000071c46dd28) thrown at [/System/Volumes/Data/jenkins/workspace/8-2-build-macosx-x86_64/jdk8u301/1513/hotspot/src
Event: 2.808 Thread 0x00007faf3c80b800 Exception <a 'java/lang/ClassNotFoundException': org/springframework/web/multipart/MultipartResolverCustomizer> (0x000000071c487cf0) thrown at [/System/Volumes/Data/jenkins/workspace/8-2-build-macosx-x86_64/jdk8u301/1513/hotspot/src/share/vm/classfile/sys
Event: 2.844 Thread 0x00007faf3c80b800 Exception <a 'java/lang/ArrayIndexOutOfBoundsException'> (0x000000071c7643e8) thrown at [/System/Volumes/Data/jenkins/workspace/8-2-build-macosx-x86_64/jdk8u301/1513/hotspot/src/share/vm/runtime/sharedRuntime.cpp, line 609]
Event: 2.844 Thread 0x00007faf3c80b800 Exception <a 'java/lang/ArrayIndexOutOfBoundsException'> (0x000000071c76f408) thrown at [/System/Volumes/Data/jenkins/workspace/8-2-build-macosx-x86_64/jdk8u301/1513/hotspot/src/share/vm/runtime/sharedRuntime.cpp, line 609]
Event: 2.844 Thread 0x00007faf3c80b800 Exception <a 'java/lang/ArrayIndexOutOfBoundsException'> (0x000000071c771a38) thrown at [/System/Volumes/Data/jenkins/workspace/8-2-build-macosx-x86_64/jdk8u301/1513/hotspot/src/share/vm/runtime/sharedRuntime.cpp, line 609]
Event: 2.853 Thread 0x00007faf3c80b800 Exception <a 'java/lang/ArrayIndexOutOfBoundsException'> (0x000000071c815130) thrown at [/System/Volumes/Data/jenkins/workspace/8-2-build-macosx-x86_64/jdk8u301/1513/hotspot/src/share/vm/runtime/sharedRuntime.cpp, line 609]
Event: 2.855 Thread 0x00007faf3c80b800 Exception <a 'java/lang/ArrayIndexOutOfBoundsException'> (0x000000071c82c2a0) thrown at [/System/Volumes/Data/jenkins/workspace/8-2-build-macosx-x86_64/jdk8u301/1513/hotspot/src/share/vm/runtime/sharedRuntime.cpp, line 609]
Event: 76.330 Thread 0x00007faf3d991000 Exception <a 'java/io/FileNotFoundException'> (0x0000000715a6d110) thrown at [/System/Volumes/Data/jenkins/workspace/8-2-build-macosx-x86_64/jdk8u301/1513/hotspot/src/share/vm/prims/jni.cpp, line 710]

Events (10 events):
Event: 74.169 Executing VM operation: ChangeBreakpoints done
Event: 74.186 Executing VM operation: ChangeBreakpoints
Event: 74.188 Executing VM operation: ChangeBreakpoints done
Event: 76.330 Executing VM operation: ChangeBreakpoints
Event: 76.330 Executing VM operation: ChangeBreakpoints done
Event: 76.330 loading class sun/net/ResourceManager
Event: 76.330 Thread 0x00007faf2c02e000 Thread exited: 0x00007faf2c02e000
Event: 76.330 loading class sun/net/ResourceManager done
Event: 76.330 Executing VM operation: ChangeBreakpoints
Event: 76.330 Executing VM operation: ChangeBreakpoints done


Dynamic libraries:
0x00007fff35038000 	/System/Library/Frameworks/Cocoa.framework/Versions/A/Cocoa
0x00007fff22382000 	/System/Library/Frameworks/Security.framework/Versions/A/Security
0x00007fff33240000 	/System/Library/Frameworks/ApplicationServices.framework/Versions/A/ApplicationServices
0x00007fff2a604000 	/usr/lib/libz.1.dylib
0x00007fff2a6cc000 	/usr/lib/libSystem.B.dylib
0x00007fff2056b000 	/System/Library/Frameworks/CoreFoundation.framework/Versions/A/CoreFoundation
0x00007fff2131a000 	/System/Library/Frameworks/Foundation.framework/Versions/C/Foundation
0x00007fff2038b000 	/usr/lib/libobjc.A.dylib
0x00007fff22db3000 	/System/Library/Frameworks/AppKit.framework/Versions/C/AppKit
0x00007fff25c77000 	/System/Library/Frameworks/CoreData.framework/Versions/A/CoreData
0x00007fff23aff000 	/System/Library/PrivateFrameworks/UIFoundation.framework/Versions/A/UIFoundation
0x00007fff2fcfa000 	/System/Library/PrivateFrameworks/RemoteViewServices.framework/Versions/A/RemoteViewServices
0x00007fff28b10000 	/System/Library/PrivateFrameworks/XCTTargetBootstrap.framework/Versions/A/XCTTargetBootstrap
0x00007fff2b7f6000 	/usr/lib/libspindump.dylib
0x00007fff23d4e000 	/System/Library/Frameworks/UniformTypeIdentifiers.framework/Versions/A/UniformTypeIdentifiers
0x00007fff27314000 	/usr/lib/libapp_launch_measurement.dylib
0x00007fff27317000 	/System/Library/PrivateFrameworks/CoreAutoLayout.framework/Versions/A/CoreAutoLayout
0x00007fff28477000 	/System/Library/Frameworks/Metal.framework/Versions/A/Metal
0x00007fff2916d000 	/usr/lib/liblangid.dylib
0x00007fff28b14000 	/System/Library/PrivateFrameworks/CoreSVG.framework/Versions/A/CoreSVG
0x00007fff24d8e000 	/System/Library/PrivateFrameworks/SkyLight.framework/Versions/A/SkyLight
0x00007fff250f4000 	/System/Library/Frameworks/CoreGraphics.framework/Versions/A/CoreGraphics
0x00007fff30221000 	/System/Library/Frameworks/Accelerate.framework/Versions/A/Accelerate
0x00007fff2b234000 	/System/Library/PrivateFrameworks/IconServices.framework/Versions/A/IconServices
0x00007fff2845b000 	/System/Library/Frameworks/IOSurface.framework/Versions/A/IOSurface
0x00007fff265ff000 	/usr/lib/libDiagnosticMessagesClient.dylib
0x00007fff28afc000 	/System/Library/PrivateFrameworks/DFRFoundation.framework/Versions/A/DFRFoundation
0x00007fff226da000 	/usr/lib/libicucore.A.dylib
0x00007fff2cd39000 	/System/Library/Frameworks/AudioToolbox.framework/Versions/A/AudioToolbox
0x00007fff2bfc1000 	/System/Library/PrivateFrameworks/DataDetectorsCore.framework/Versions/A/DataDetectorsCore
0x00007fff24d01000 	/usr/lib/libMobileGestalt.dylib
0x00007fff28800000 	/System/Library/Frameworks/Carbon.framework/Versions/A/Frameworks/HIToolbox.framework/Versions/A/HIToolbox
0x00007fff26d59000 	/System/Library/Frameworks/QuartzCore.framework/Versions/A/QuartzCore
0x00007fff2fd32000 	/System/Library/Frameworks/Carbon.framework/Versions/A/Frameworks/SpeechRecognition.framework/Versions/A/SpeechRecognition
0x00007fff27079000 	/System/Library/PrivateFrameworks/CoreUI.framework/Versions/A/CoreUI
0x00007fff21cf0000 	/System/Library/Frameworks/CoreAudio.framework/Versions/A/CoreAudio
0x00007fff266ea000 	/System/Library/Frameworks/DiskArbitration.framework/Versions/A/DiskArbitration
0x00007fff2bbc4000 	/System/Library/PrivateFrameworks/MultitouchSupport.framework/Versions/A/MultitouchSupport
0x00007fff2bfb8000 	/System/Library/PrivateFrameworks/InternationalSupport.framework/Versions/A/InternationalSupport
0x00007fff24d00000 	/usr/lib/libenergytrace.dylib
0x00007fff22caa000 	/System/Library/Frameworks/IOKit.framework/Versions/A/IOKit
0x00007fff30065000 	/System/Library/Frameworks/CoreServices.framework/Versions/A/CoreServices
0x00007fff272a6000 	/System/Library/PrivateFrameworks/PerformanceAnalysis.framework/Versions/A/PerformanceAnalysis
0x00007fff6bbd2000 	/System/Library/Frameworks/OpenGL.framework/Versions/A/OpenGL
0x00007fff2c03c000 	/System/Library/PrivateFrameworks/UserActivity.framework/Versions/A/UserActivity
0x00007fff2577e000 	/System/Library/Frameworks/ColorSync.framework/Versions/A/ColorSync
0x00007fff28d7b000 	/System/Library/Frameworks/CoreImage.framework/Versions/A/CoreImage
0x00007fff21b0a000 	/System/Library/Frameworks/CoreText.framework/Versions/A/CoreText
0x00007fff28b3e000 	/System/Library/Frameworks/ImageIO.framework/Versions/A/ImageIO
0x00007fff2a6d2000 	/System/Library/PrivateFrameworks/SoftLinking.framework/Versions/A/SoftLinking
0x00007fff2735f000 	/usr/lib/libxml2.2.dylib
0x00007fff20451000 	/usr/lib/libc++.1.dylib
0x00007fff2a943000 	/usr/lib/libcompression.dylib
0x00007fff2beea000 	/System/Library/PrivateFrameworks/TextureIO.framework/Versions/A/TextureIO
0x00007fff2af72000 	/usr/lib/libate.dylib
0x00007fff2a6c6000 	/usr/lib/system/libcache.dylib
0x00007fff2a682000 	/usr/lib/system/libcommonCrypto.dylib
0x00007fff2a6ac000 	/usr/lib/system/libcompiler_rt.dylib
0x00007fff2a6a1000 	/usr/lib/system/libcopyfile.dylib
0x00007fff2027b000 	/usr/lib/system/libcorecrypto.dylib
0x00007fff20346000 	/usr/lib/system/libdispatch.dylib
0x00007fff204f9000 	/usr/lib/system/libdyld.dylib
0x00007fff2a6bd000 	/usr/lib/system/libkeymgr.dylib
0x00007fff2dad0000 	/usr/lib/system/liblaunch.dylib
0x00007fff2a660000 	/usr/lib/system/libmacho.dylib
0x00007fff29e58000 	/usr/lib/system/libquarantine.dylib
0x00007fff2a6ba000 	/usr/lib/system/libremovefile.dylib
0x00007fff24d5e000 	/usr/lib/system/libsystem_asl.dylib
0x00007fff2022b000 	/usr/lib/system/libsystem_blocks.dylib
0x00007fff203c8000 	/usr/lib/system/libsystem_c.dylib
0x00007fff2a6b4000 	/usr/lib/system/libsystem_collections.dylib
0x00007fff2915e000 	/usr/lib/system/libsystem_configuration.dylib
0x00007fff2844a000 	/usr/lib/system/libsystem_containermanager.dylib
0x00007fff2a403000 	/usr/lib/system/libsystem_coreservices.dylib
0x00007fff2293a000 	/usr/lib/system/libsystem_darwin.dylib
0x00007fff2a6be000 	/usr/lib/system/libsystem_dnssd.dylib
0x00007fff203c5000 	/usr/lib/system/libsystem_featureflags.dylib
0x00007fff2053f000 	/usr/lib/system/libsystem_info.dylib
0x00007fff2a617000 	/usr/lib/system/libsystem_m.dylib
0x00007fff20319000 	/usr/lib/system/libsystem_malloc.dylib
0x00007fff24cf1000 	/usr/lib/system/libsystem_networkextension.dylib
0x00007fff22d59000 	/usr/lib/system/libsystem_notify.dylib
0x00007fff2ff67000 	/usr/lib/system/libsystem_product_info_filter.dylib
0x00007fff29162000 	/usr/lib/system/libsystem_sandbox.dylib
0x00007fff2a6b7000 	/usr/lib/system/libsystem_secinit.dylib
0x00007fff204bd000 	/usr/lib/system/libsystem_kernel.dylib
0x00007fff20535000 	/usr/lib/system/libsystem_platform.dylib
0x00007fff204ed000 	/usr/lib/system/libsystem_pthread.dylib
0x00007fff2643b000 	/usr/lib/system/libsystem_symptoms.dylib
0x00007fff20263000 	/usr/lib/system/libsystem_trace.dylib
0x00007fff2a68e000 	/usr/lib/system/libunwind.dylib
0x00007fff2022d000 	/usr/lib/system/libxpc.dylib
0x00007fff204a7000 	/usr/lib/libc++abi.dylib
0x00007fff2a699000 	/usr/lib/liboah.dylib
0x00007fff2ad57000 	/usr/lib/liblzma.5.dylib
0x00007fff2102e000 	/System/Library/Frameworks/SystemConfiguration.framework/Versions/A/SystemConfiguration
0x00007fff2a6ce000 	/usr/lib/libfakelink.dylib
0x00007fff24852000 	/System/Library/Frameworks/CFNetwork.framework/Versions/A/CFNetwork
0x00007fff2a80e000 	/usr/lib/libarchive.2.dylib
0x00007fff210ac000 	/usr/lib/libCRFSuite.dylib
0x00007fff29e7f000 	/usr/lib/libbsm.0.dylib
0x00007fff241cb000 	/usr/lib/libnetwork.dylib
0x00007fff2a6d3000 	/usr/lib/libpcap.A.dylib
0x00007fff26434000 	/usr/lib/libdns_services.dylib
0x00007fff2ad70000 	/usr/lib/libcoretls_cfhelpers.dylib
0x00007fff2a90d000 	/usr/lib/libapple_nghttp2.dylib
0x00007fff2a666000 	/usr/lib/system/libkxld.dylib
0x00007fff260ad000 	/usr/lib/libsqlite3.dylib
0x00007fff2a3e6000 	/System/Library/PrivateFrameworks/AppleFSCompression.framework/Versions/A/AppleFSCompression
0x00007fff29e67000 	/usr/lib/libcoretls.dylib
0x00007fff2a93e000 	/usr/lib/libpam.2.dylib
0x00007fff2ae6e000 	/usr/lib/libxar.1.dylib
0x00007fff29169000 	/System/Library/PrivateFrameworks/AppleSystemInfo.framework/Versions/A/AppleSystemInfo
0x00007fff29aa9000 	/System/Library/PrivateFrameworks/IOMobileFramebuffer.framework/Versions/A/IOMobileFramebuffer
0x00007fff2a3f6000 	/usr/lib/libbz2.1.0.dylib
0x00007fff2a70b000 	/usr/lib/libiconv.2.dylib
0x00007fff2a65f000 	/usr/lib/libcharset.1.dylib
0x00007fff272e2000 	/System/Library/Frameworks/CoreServices.framework/Versions/A/Frameworks/FSEvents.framework/Versions/A/FSEvents
0x00007fff22944000 	/System/Library/Frameworks/CoreServices.framework/Versions/A/Frameworks/CarbonCore.framework/Versions/A/CarbonCore
0x00007fff2664f000 	/System/Library/Frameworks/CoreServices.framework/Versions/A/Frameworks/Metadata.framework/Versions/A/Metadata
0x00007fff2a408000 	/System/Library/Frameworks/CoreServices.framework/Versions/A/Frameworks/OSServices.framework/Versions/A/OSServices
0x00007fff2a880000 	/System/Library/Frameworks/CoreServices.framework/Versions/A/Frameworks/SearchKit.framework/Versions/A/SearchKit
0x00007fff263bf000 	/System/Library/Frameworks/CoreServices.framework/Versions/A/Frameworks/AE.framework/Versions/A/AE
0x00007fff20a09000 	/System/Library/Frameworks/CoreServices.framework/Versions/A/Frameworks/LaunchServices.framework/Versions/A/LaunchServices
0x00007fff2ad07000 	/System/Library/Frameworks/CoreServices.framework/Versions/A/Frameworks/DictionaryServices.framework/Versions/A/DictionaryServices
0x00007fff272ef000 	/System/Library/Frameworks/CoreServices.framework/Versions/A/Frameworks/SharedFileList.framework/Versions/A/SharedFileList
0x00007fff29e5b000 	/usr/lib/libCheckFix.dylib
0x00007fff24d75000 	/System/Library/PrivateFrameworks/TCC.framework/Versions/A/TCC
0x00007fff2916f000 	/System/Library/PrivateFrameworks/CoreNLP.framework/Versions/A/CoreNLP
0x00007fff26602000 	/System/Library/PrivateFrameworks/MetadataUtilities.framework/Versions/A/MetadataUtilities
0x00007fff210e1000 	/usr/lib/libmecabra.dylib
0x00007fff2a165000 	/System/Library/Frameworks/MLCompute.framework/Versions/A/MLCompute
0x00007fff29e90000 	/usr/lib/libmecab.dylib
0x00007fff29eda000 	/usr/lib/libgermantok.dylib
0x00007fff2a8e8000 	/usr/lib/libThaiTokenizer.dylib
0x00007fff2aea9000 	/usr/lib/libChineseTokenizer.dylib
0x00007fff2a93c000 	/System/Library/Frameworks/MetalPerformanceShaders.framework/Versions/A/MetalPerformanceShaders
0x00007fff266f1000 	/System/Library/Frameworks/Accelerate.framework/Versions/A/Frameworks/vImage.framework/Versions/A/vImage
0x00007fff3003f000 	/System/Library/Frameworks/Accelerate.framework/Versions/A/Frameworks/vecLib.framework/Versions/A/vecLib
0x00007fff2aeb4000 	/System/Library/Frameworks/Accelerate.framework/Versions/A/Frameworks/vecLib.framework/Versions/A/libvMisc.dylib
0x00007fff298c4000 	/System/Library/Frameworks/Accelerate.framework/Versions/A/Frameworks/vecLib.framework/Versions/A/libvDSP.dylib
0x00007fff20d14000 	/System/Library/Frameworks/Accelerate.framework/Versions/A/Frameworks/vecLib.framework/Versions/A/libBLAS.dylib
0x00007fff2a969000 	/System/Library/Frameworks/Accelerate.framework/Versions/A/Frameworks/vecLib.framework/Versions/A/libLAPACK.dylib
0x00007fff29ee0000 	/System/Library/Frameworks/Accelerate.framework/Versions/A/Frameworks/vecLib.framework/Versions/A/libLinearAlgebra.dylib
0x00007fff2a925000 	/System/Library/Frameworks/Accelerate.framework/Versions/A/Frameworks/vecLib.framework/Versions/A/libSparseBLAS.dylib
0x00007fff2a963000 	/System/Library/Frameworks/Accelerate.framework/Versions/A/Frameworks/vecLib.framework/Versions/A/libQuadrature.dylib
0x00007fff2921b000 	/System/Library/Frameworks/Accelerate.framework/Versions/A/Frameworks/vecLib.framework/Versions/A/libBNNS.dylib
0x00007fff20fbf000 	/System/Library/Frameworks/Accelerate.framework/Versions/A/Frameworks/vecLib.framework/Versions/A/libSparse.dylib
0x00007fff290f7000 	/System/Library/Frameworks/MetalPerformanceShaders.framework/Versions/A/Frameworks/MPSCore.framework/Versions/A/MPSCore
0x00007fff2a355000 	/System/Library/Frameworks/MetalPerformanceShaders.framework/Versions/A/Frameworks/MPSImage.framework/Versions/A/MPSImage
0x00007fff29ef6000 	/System/Library/Frameworks/MetalPerformanceShaders.framework/Versions/A/Frameworks/MPSNeuralNetwork.framework/Versions/A/MPSNeuralNetwork
0x00007fff2a2c7000 	/System/Library/Frameworks/MetalPerformanceShaders.framework/Versions/A/Frameworks/MPSMatrix.framework/Versions/A/MPSMatrix
0x00007fff2a115000 	/System/Library/Frameworks/MetalPerformanceShaders.framework/Versions/A/Frameworks/MPSRayIntersector.framework/Versions/A/MPSRayIntersector
0x00007fff2a2fe000 	/System/Library/Frameworks/MetalPerformanceShaders.framework/Versions/A/Frameworks/MPSNDArray.framework/Versions/A/MPSNDArray
0x00007fff20c3f000 	/System/Library/PrivateFrameworks/MetalTools.framework/Versions/A/MetalTools
0x00007fff29167000 	/System/Library/PrivateFrameworks/AggregateDictionary.framework/Versions/A/AggregateDictionary
0x00007fff265cf000 	/System/Library/PrivateFrameworks/CoreAnalytics.framework/Versions/A/CoreAnalytics
0x00007fff2a8ea000 	/System/Library/PrivateFrameworks/AppleSauce.framework/Versions/A/AppleSauce
0x00007fff2846d000 	/System/Library/PrivateFrameworks/IOAccelerator.framework/Versions/A/IOAccelerator
0x00007fff6bbc6000 	/System/Library/Frameworks/OpenGL.framework/Versions/A/Libraries/libCoreFSCache.dylib
0x00007fff21679000 	/System/Library/PrivateFrameworks/LanguageModeling.framework/Versions/A/LanguageModeling
0x00007fff29a97000 	/System/Library/PrivateFrameworks/CoreEmoji.framework/Versions/A/CoreEmoji
0x00007fff29214000 	/System/Library/PrivateFrameworks/LinguisticData.framework/Versions/A/LinguisticData
0x00007fff20f71000 	/System/Library/PrivateFrameworks/Lexicon.framework/Versions/A/Lexicon
0x00007fff2a7fc000 	/usr/lib/libcmph.dylib
0x00007fff272c2000 	/System/Library/Frameworks/OpenDirectory.framework/Versions/A/Frameworks/CFOpenDirectory.framework/Versions/A/CFOpenDirectory
0x00007fff272b2000 	/System/Library/Frameworks/OpenDirectory.framework/Versions/A/OpenDirectory
0x00007fff2ad72000 	/System/Library/PrivateFrameworks/APFS.framework/Versions/A/APFS
0x00007fff29dbd000 	/System/Library/Frameworks/SecurityFoundation.framework/Versions/A/SecurityFoundation
0x00007fff2ae7c000 	/usr/lib/libutil.dylib
0x00007fff22c6f000 	/System/Library/PrivateFrameworks/CoreServicesStore.framework/Versions/A/CoreServicesStore
0x00007fff29e53000 	/System/Library/Frameworks/ServiceManagement.framework/Versions/A/ServiceManagement
0x00007fff2ae80000 	/usr/lib/libxslt.1.dylib
0x00007fff29e49000 	/System/Library/PrivateFrameworks/BackgroundTaskManagement.framework/Versions/A/BackgroundTaskManagement
0x00007fff2be34000 	/System/Library/Frameworks/ImageIO.framework/Versions/A/Resources/libRadiance.dylib
0x00007fff2be3e000 	/System/Library/Frameworks/ImageIO.framework/Versions/A/Resources/libJPEG.dylib
0x00007fff2bd8e000 	/System/Library/Frameworks/ImageIO.framework/Versions/A/Resources/libPng.dylib
0x00007fff2bdaf000 	/System/Library/Frameworks/ImageIO.framework/Versions/A/Resources/libTIFF.dylib
0x00007fff2be93000 	/System/Library/Frameworks/ImageIO.framework/Versions/A/Resources/libGIF.dylib
0x00007fff2bae0000 	/System/Library/Frameworks/ImageIO.framework/Versions/A/Resources/libJP2.dylib
0x00007fff2b1fb000 	/usr/lib/libexpat.1.dylib
0x00007fff2ba96000 	/System/Library/PrivateFrameworks/AppleJPEG.framework/Versions/A/AppleJPEG
0x00007fff286a3000 	/System/Library/PrivateFrameworks/FontServices.framework/libFontParser.dylib
0x00007fff26376000 	/System/Library/PrivateFrameworks/RunningBoardServices.framework/Versions/A/RunningBoardServices
0x00007fff2bbc0000 	/System/Library/PrivateFrameworks/WatchdogClient.framework/Versions/A/WatchdogClient
0x00007fff21762000 	/System/Library/Frameworks/CoreDisplay.framework/Versions/A/CoreDisplay
0x00007fff285b8000 	/System/Library/Frameworks/CoreMedia.framework/Versions/A/CoreMedia
0x00007fff27442000 	/System/Library/Frameworks/CoreVideo.framework/Versions/A/CoreVideo
0x00007fff2bbfb000 	/System/Library/Frameworks/VideoToolbox.framework/Versions/A/VideoToolbox
0x00007fff262f6000 	/System/Library/PrivateFrameworks/BaseBoard.framework/Versions/A/BaseBoard
0x00007fff2b340000 	/System/Library/PrivateFrameworks/PersistentConnection.framework/Versions/A/PersistentConnection
0x00007fff26097000 	/System/Library/PrivateFrameworks/ProtocolBuffer.framework/Versions/A/ProtocolBuffer
0x00007fff262de000 	/System/Library/PrivateFrameworks/CommonUtilities.framework/Versions/A/CommonUtilities
0x00007fff2ba59000 	/System/Library/PrivateFrameworks/Bom.framework/Versions/A/Bom
0x00007fff2be2c000 	/System/Library/PrivateFrameworks/GPUWrangler.framework/Versions/A/GPUWrangler
0x00007fff2be0f000 	/System/Library/PrivateFrameworks/IOPresentment.framework/Versions/A/IOPresentment
0x00007fff2be38000 	/System/Library/PrivateFrameworks/DSExternalDisplay.framework/Versions/A/DSExternalDisplay
0x00007fff2be98000 	/System/Library/PrivateFrameworks/CMCaptureCore.framework/Versions/A/CMCaptureCore
0x00007fff2b7dc000 	/System/Library/PrivateFrameworks/AppServerSupport.framework/Versions/A/AppServerSupport
0x00007fff2d873000 	/System/Library/PrivateFrameworks/perfdata.framework/Versions/A/perfdata
0x00007fff29dac000 	/System/Library/PrivateFrameworks/AssertionServices.framework/Versions/A/AssertionServices
0x00007fff21899000 	/System/Library/PrivateFrameworks/AudioToolboxCore.framework/Versions/A/AudioToolboxCore
0x00007fff2859b000 	/System/Library/PrivateFrameworks/caulk.framework/Versions/A/caulk
0x00007fff3cd1f000 	/System/Library/PrivateFrameworks/SystemPolicy.framework/Versions/A/SystemPolicy
0x00007fff2b00a000 	/usr/lib/libIOReport.dylib
0x00007fff2d0af000 	/usr/lib/libSMC.dylib
0x00007fff2bd5a000 	/usr/lib/libAudioToolboxUtility.dylib
0x00007fff3d67c000 	/usr/lib/libmis.dylib
0x00007fff6bc22000 	/System/Library/Frameworks/OpenGL.framework/Versions/A/Libraries/libGLU.dylib
0x00007fff6bbe5000 	/System/Library/Frameworks/OpenGL.framework/Versions/A/Libraries/libGFXShared.dylib
0x00007fff6bdf3000 	/System/Library/Frameworks/OpenGL.framework/Versions/A/Libraries/libGL.dylib
0x00007fff6bbee000 	/System/Library/Frameworks/OpenGL.framework/Versions/A/Libraries/libGLImage.dylib
0x00007fff6bbe2000 	/System/Library/Frameworks/OpenGL.framework/Versions/A/Libraries/libCVMSPluginSupport.dylib
0x00007fff6bbcd000 	/System/Library/Frameworks/OpenGL.framework/Versions/A/Libraries/libCoreVMClient.dylib
0x00007fff6d23d000 	/System/Library/Frameworks/OpenCL.framework/Versions/A/OpenCL
0x00007fff2b369000 	/System/Library/PrivateFrameworks/GraphVisualizer.framework/Versions/A/GraphVisualizer
0x00007fff2b378000 	/System/Library/PrivateFrameworks/FaceCore.framework/Versions/A/FaceCore
0x00007fff2b794000 	/System/Library/PrivateFrameworks/OTSVG.framework/Versions/A/OTSVG
0x00007fff27037000 	/System/Library/Frameworks/ApplicationServices.framework/Versions/A/Frameworks/ATS.framework/Versions/A/Resources/libFontRegistry.dylib
0x00007fff2b7e3000 	/System/Library/PrivateFrameworks/FontServices.framework/libhvf.dylib
0x00007fff2b1a7000 	/System/Library/PrivateFrameworks/AppleVA.framework/Versions/A/AppleVA
0x00007fff2cef7000 	/System/Library/Frameworks/ApplicationServices.framework/Versions/A/Frameworks/ATS.framework/Versions/A/ATS
0x00007fff2d20a000 	/System/Library/Frameworks/ApplicationServices.framework/Versions/A/Frameworks/ColorSyncLegacy.framework/Versions/A/ColorSyncLegacy
0x00007fff25875000 	/System/Library/Frameworks/ApplicationServices.framework/Versions/A/Frameworks/HIServices.framework/Versions/A/HIServices
0x00007fff2d1ef000 	/System/Library/Frameworks/ApplicationServices.framework/Versions/A/Frameworks/LangAnalysis.framework/Versions/A/LangAnalysis
0x00007fff2bea2000 	/System/Library/Frameworks/ApplicationServices.framework/Versions/A/Frameworks/PrintCore.framework/Versions/A/PrintCore
0x00007fff2d212000 	/System/Library/Frameworks/ApplicationServices.framework/Versions/A/Frameworks/QD.framework/Versions/A/QD
0x00007fff2cee7000 	/System/Library/Frameworks/ApplicationServices.framework/Versions/A/Frameworks/SpeechSynthesis.framework/Versions/A/SpeechSynthesis
0x00007fff2be63000 	/System/Library/Frameworks/ApplicationServices.framework/Versions/A/Frameworks/ATSUI.framework/Versions/A/ATSUI
0x00007fff2d18f000 	/usr/lib/libcups.2.dylib
0x00007fff2d1ff000 	/System/Library/PrivateFrameworks/NetAuth.framework/Versions/A/NetAuth
0x00007fff2d88e000 	/System/Library/Frameworks/Kerberos.framework/Versions/A/Kerberos
0x00007fff2d89e000 	/System/Library/Frameworks/GSS.framework/Versions/A/GSS
0x00007fff2cf64000 	/usr/lib/libresolv.9.dylib
0x00007fff2b7f9000 	/System/Library/PrivateFrameworks/Heimdal.framework/Versions/A/Heimdal
0x00007fff33555000 	/System/Library/Frameworks/Kerberos.framework/Versions/A/Libraries/libHeimdalProxy.dylib
0x00007fff26443000 	/System/Library/Frameworks/Network.framework/Versions/A/Network
0x00007fff2b215000 	/usr/lib/libheimdal-asn1.dylib
0x00007fff2d8ef000 	/System/Library/PrivateFrameworks/CommonAuth.framework/Versions/A/CommonAuth
0x00007fff27490000 	/System/Library/PrivateFrameworks/login.framework/Versions/A/Frameworks/loginsupport.framework/Versions/A/loginsupport
0x00007fff2ce6e000 	/System/Library/PrivateFrameworks/AudioSession.framework/Versions/A/AudioSession
0x00007fff2ced4000 	/usr/lib/libAudioStatistics.dylib
0x00007fff2b2a1000 	/System/Library/PrivateFrameworks/MediaExperience.framework/Versions/A/MediaExperience
0x00007fff2cd07000 	/System/Library/PrivateFrameworks/AudioSession.framework/libSessionUtility.dylib
0x00007fff2d87f000 	/usr/lib/libperfcheck.dylib
0x00007fff2d21e000 	/System/Library/PrivateFrameworks/AudioResourceArbitration.framework/Versions/A/AudioResourceArbitration
0x00007fff2b21f000 	/System/Library/PrivateFrameworks/IconFoundation.framework/Versions/A/IconFoundation
0x00007fff2fd22000 	/System/Library/PrivateFrameworks/SpeechRecognitionCore.framework/Versions/A/SpeechRecognitionCore
0x000000010de5d000 	/Library/Java/JavaVirtualMachines/jdk1.8.0_301.jdk/Contents/Home/jre/lib/server/libjvm.dylib
0x000000010ec63000 	/Library/Java/JavaVirtualMachines/jdk1.8.0_301.jdk/Contents/Home/jre/lib/libverify.dylib
0x000000010ec74000 	/Library/Java/JavaVirtualMachines/jdk1.8.0_301.jdk/Contents/Home/jre/lib/libjava.dylib
0x000000010eca8000 	/Library/Java/JavaVirtualMachines/jdk1.8.0_301.jdk/Contents/Home/jre/lib/libjdwp.dylib
0x000000010ecf2000 	/Library/Java/JavaVirtualMachines/jdk1.8.0_301.jdk/Contents/Home/jre/lib/libnpt.dylib
0x000000010ecfb000 	/Library/Java/JavaVirtualMachines/jdk1.8.0_301.jdk/Contents/Home/jre/lib/libinstrument.dylib
0x000000010ed66000 	/Library/Java/JavaVirtualMachines/jdk1.8.0_301.jdk/Contents/Home/jre/lib/libzip.dylib
0x0000000110e79000 	/Library/Java/JavaVirtualMachines/jdk1.8.0_301.jdk/Contents/Home/jre/lib/libdt_socket.dylib
0x0000000111171000 	/Library/Java/JavaVirtualMachines/jdk1.8.0_301.jdk/Contents/Home/jre/lib/libnet.dylib
0x000000011118b000 	/Library/Java/JavaVirtualMachines/jdk1.8.0_301.jdk/Contents/Home/jre/lib/libmanagement.dylib
0x000000011119d000 	/Library/Java/JavaVirtualMachines/jdk1.8.0_301.jdk/Contents/Home/jre/lib/libnio.dylib

VM Arguments:
jvm_args: -agentlib:jdwp=transport=dt_socket,address=127.0.0.1:65170,suspend=y,server=n -XX:TieredStopAtLevel=1 -Xverify:none -Dspring.output.ansi.enabled=always -javaagent:/Users/mukeshmahadev/Library/Caches/JetBrains/IntelliJIdea2021.2/captureAgent/debugger-agent.jar -Dcom.sun.management.jmxremote -Dspring.jmx.enabled=true -Dspring.liveBeansView.mbeanDomain -Dspring.application.admin.enabled=true -Dfile.encoding=UTF-8 
java_command: com.bitgo.eos.EosHistoryApplication
java_class_path (initial): /Library/Java/JavaVirtualMachines/jdk1.8.0_301.jdk/Contents/Home/jre/lib/charsets.jar:/Library/Java/JavaVirtualMachines/jdk1.8.0_301.jdk/Contents/Home/jre/lib/deploy.jar:/Library/Java/JavaVirtualMachines/jdk1.8.0_301.jdk/Contents/Home/jre/lib/ext/cldrdata.jar:/Library/Java/JavaVirtualMachines/jdk1.8.0_301.jdk/Contents/Home/jre/lib/ext/dnsns.jar:/Library/Java/JavaVirtualMachines/jdk1.8.0_301.jdk/Contents/Home/jre/lib/ext/jaccess.jar:/Library/Java/JavaVirtualMachines/jdk1.8.0_301.jdk/Contents/Home/jre/lib/ext/jfxrt.jar:/Library/Java/JavaVirtualMachines/jdk1.8.0_301.jdk/Contents/Home/jre/lib/ext/localedata.jar:/Library/Java/JavaVirtualMachines/jdk1.8.0_301.jdk/Contents/Home/jre/lib/ext/nashorn.jar:/Library/Java/JavaVirtualMachines/jdk1.8.0_301.jdk/Contents/Home/jre/lib/ext/sunec.jar:/Library/Java/JavaVirtualMachines/jdk1.8.0_301.jdk/Contents/Home/jre/lib/ext/sunjce_provider.jar:/Library/Java/JavaVirtualMachines/jdk1.8.0_301.jdk/Contents/Home/jre/lib/ext/sunpkcs11.jar:/Library/Java/JavaVirtualMachines/jdk1.8.0_301.jdk/Contents/Home/jre/lib/ext/zipfs.jar:/Library/Java/JavaVirtualMachines/jdk1.8.0_301.jdk/Contents/Home/jre/lib/javaws.jar:/Library/Java/JavaVirtualMachines/jdk1.8.0_301.jdk/Contents/Home/jre/lib/jce.jar:/Library/Java/JavaVirtualMachines/jdk1.8.0_301.jdk/Contents/Home/jre/lib/jfr.jar:/Library/Java/JavaVirtualMachines/jdk1.8.0_301.jdk/Contents/Home/jre/lib/jfxswt.jar:/Library/Java/JavaVirtualMachines/jdk1.8.0_301.jdk/Contents/Home/jre/lib/jsse.jar:/Library/Java/JavaVirtualMachines/jdk1.8.0_301.jdk/Contents/Home/jre/lib/management-agent.jar:/Library/Java/JavaVirtualMachines/jdk1.8.0_301.jdk/Contents/Home/jre/lib/plugin.jar:/Library/Java/JavaVirtualMachines/jdk1.8.0_301.jdk/Contents/Home/jre/lib/resources.jar:/Library/Java/JavaVirtualMachines/jdk1.8.0_301.jdk/Contents/Home/jre/lib/rt.jar:/Library/Java/JavaVirtualMachines/jdk1.8.0_301.jdk/Contents/Home/lib/ant-javafx.jar:/Library/Java/JavaVirtualMachines/jdk1.8.0_301.jdk/Contents/Home
Launcher Type: SUN_STANDARD

Environment Variables:
PATH=/opt/local/bin:/opt/local/sbin:/Library/Frameworks/Python.framework/Versions/3.10/bin:/Users/mukeshmahadev/.nvm/versions/node/v14.17.5/bin:/usr/local/opt/make/libexec/gnubin:/Users/mukeshmahadev/Library/Python/2.7/bin:/usr/local/opt/openssl/bin:/usr/local/bin:/usr/bin:/bin:/usr/sbin:/sbin:/usr/local/MacGPG2/bin:/usr/local/share/dotnet:~/.dotnet/tools:/Library/Apple/usr/bin:/Library/Frameworks/Mono.framework/Versions/Current/Commands:/Users/mukeshmahadev/.local/bin
SHELL=/bin/bash

Signal Handlers:
SIGSEGV: [libjvm.dylib+0x59bf91], sa_mask[0]=11111111011111110111111111111111, sa_flags=SA_ONSTACK|SA_RESTART|SA_SIGINFO
SIGBUS: [libjvm.dylib+0x59bf91], sa_mask[0]=11111111011111110111111111111111, sa_flags=SA_RESTART|SA_SIGINFO
SIGFPE: [libjvm.dylib+0x48f9b7], sa_mask[0]=11111111011111110111111111111111, sa_flags=SA_RESTART|SA_SIGINFO
SIGPIPE: [libjvm.dylib+0x48f9b7], sa_mask[0]=11111111011111110111111111111111, sa_flags=SA_RESTART|SA_SIGINFO
SIGXFSZ: [libjvm.dylib+0x48f9b7], sa_mask[0]=11111111011111110111111111111111, sa_flags=SA_RESTART|SA_SIGINFO
SIGILL: [libjvm.dylib+0x48f9b7], sa_mask[0]=11111111011111110111111111111111, sa_flags=SA_RESTART|SA_SIGINFO
SIGUSR1: SIG_DFL, sa_mask[0]=00000000000000000000000000000000, sa_flags=none
SIGUSR2: [libjvm.dylib+0x4902a6], sa_mask[0]=00100000000000000000000000000000, sa_flags=SA_RESTART|SA_SIGINFO
SIGHUP: [libjvm.dylib+0x48e503], sa_mask[0]=11111111011111110111111111111111, sa_flags=SA_RESTART|SA_SIGINFO
SIGINT: [libjvm.dylib+0x48e503], sa_mask[0]=11111111011111110111111111111111, sa_flags=SA_RESTART|SA_SIGINFO
SIGTERM: [libjvm.dylib+0x48e503], sa_mask[0]=11111111011111110111111111111111, sa_flags=SA_RESTART|SA_SIGINFO
SIGQUIT: [libjvm.dylib+0x48e503], sa_mask[0]=11111111011111110111111111111111, sa_flags=SA_RESTART|SA_SIGINFO


---------------  S Y S T E M  ---------------

OS:Bsduname:Darwin 20.6.0 Darwin Kernel Version 20.6.0: Mon Aug 30 06:12:21 PDT 2021; root:xnu-7195.141.6~3/RELEASE_X86_64 x86_64
rlimit: STACK 8192k, CORE 0k, NPROC 5568, NOFILE 10240, AS infinity
load average:3.25 4.43 4.90

CPU:total 12 (initial active 12) (6 cores per cpu, 2 threads per core) family 6 model 158 stepping 10, cmov, cx8, fxsr, mmx, sse, sse2, sse3, ssse3, sse4.1, sse4.2, popcnt, avx, avx2, aes, clmul, erms, 3dnowpref, lzcnt, ht, tsc, tscinvbit, bmi1, bmi2, adx

Memory: 4k page, physical 33554432k(423840k free)

/proc/meminfo:


vm_info: Java HotSpot(TM) 64-Bit Server VM (25.301-b09) for bsd-amd64 JRE (1.8.0_301-b09), built on Jun  9 2021 14:35:36 by "java_re" with gcc 4.2.1 Compatible Apple LLVM 11.0.0 (clang-1100.0.33.17)

time: Tue May 31 17:58:41 2022
timezone: IST
elapsed time: 76.367423 seconds (0d 0h 1m 16s)

